This is pdfTeX, Version 3.14159265-2.6-1.40.19 (MiKTeX 2.9.6840 64-bit) (preloaded format=pdflatex 2018.12.17)  17 FEB 2019 12:35
entering extended mode
**./Non_lasso.tex
(Non_lasso.tex
LaTeX2e <2018-04-01> patch level 5

("C:\Users\luigimissri\AppData\Local\Programs\MiKTeX 2.9\tex\latex\base\article
.cls"
Document Class: article 2014/09/29 v1.4h Standard LaTeX document class

("C:\Users\luigimissri\AppData\Local\Programs\MiKTeX 2.9\tex\latex\base\size10.
clo"
File: size10.clo 2014/09/29 v1.4h Standard LaTeX file (size option)
)
\c@part=\count80
\c@section=\count81
\c@subsection=\count82
\c@subsubsection=\count83
\c@paragraph=\count84
\c@subparagraph=\count85
\c@figure=\count86
\c@table=\count87
\abovecaptionskip=\skip41
\belowcaptionskip=\skip42
\bibindent=\dimen102
)
("C:\Users\luigimissri\AppData\Local\Programs\MiKTeX 2.9\tex\latex\lm\lmodern.s
ty"
Package: lmodern 2009/10/30 v1.6 Latin Modern Fonts
LaTeX Font Info:    Overwriting symbol font `operators' in version `normal'
(Font)                  OT1/cmr/m/n --> OT1/lmr/m/n on input line 22.
LaTeX Font Info:    Overwriting symbol font `letters' in version `normal'
(Font)                  OML/cmm/m/it --> OML/lmm/m/it on input line 23.
LaTeX Font Info:    Overwriting symbol font `symbols' in version `normal'
(Font)                  OMS/cmsy/m/n --> OMS/lmsy/m/n on input line 24.
LaTeX Font Info:    Overwriting symbol font `largesymbols' in version `normal'
(Font)                  OMX/cmex/m/n --> OMX/lmex/m/n on input line 25.
LaTeX Font Info:    Overwriting symbol font `operators' in version `bold'
(Font)                  OT1/cmr/bx/n --> OT1/lmr/bx/n on input line 26.
LaTeX Font Info:    Overwriting symbol font `letters' in version `bold'
(Font)                  OML/cmm/b/it --> OML/lmm/b/it on input line 27.
LaTeX Font Info:    Overwriting symbol font `symbols' in version `bold'
(Font)                  OMS/cmsy/b/n --> OMS/lmsy/b/n on input line 28.
LaTeX Font Info:    Overwriting symbol font `largesymbols' in version `bold'
(Font)                  OMX/cmex/m/n --> OMX/lmex/m/n on input line 29.
LaTeX Font Info:    Overwriting math alphabet `\mathbf' in version `normal'
(Font)                  OT1/cmr/bx/n --> OT1/lmr/bx/n on input line 31.
LaTeX Font Info:    Overwriting math alphabet `\mathsf' in version `normal'
(Font)                  OT1/cmss/m/n --> OT1/lmss/m/n on input line 32.
LaTeX Font Info:    Overwriting math alphabet `\mathit' in version `normal'
(Font)                  OT1/cmr/m/it --> OT1/lmr/m/it on input line 33.
LaTeX Font Info:    Overwriting math alphabet `\mathtt' in version `normal'
(Font)                  OT1/cmtt/m/n --> OT1/lmtt/m/n on input line 34.
LaTeX Font Info:    Overwriting math alphabet `\mathbf' in version `bold'
(Font)                  OT1/cmr/bx/n --> OT1/lmr/bx/n on input line 35.
LaTeX Font Info:    Overwriting math alphabet `\mathsf' in version `bold'
(Font)                  OT1/cmss/bx/n --> OT1/lmss/bx/n on input line 36.
LaTeX Font Info:    Overwriting math alphabet `\mathit' in version `bold'
(Font)                  OT1/cmr/bx/it --> OT1/lmr/bx/it on input line 37.
LaTeX Font Info:    Overwriting math alphabet `\mathtt' in version `bold'
(Font)                  OT1/cmtt/m/n --> OT1/lmtt/m/n on input line 38.
)
("C:\Users\luigimissri\AppData\Local\Programs\MiKTeX 2.9\tex\latex\listings\lis
tings.sty"
("C:\Users\luigimissri\AppData\Local\Programs\MiKTeX 2.9\tex\latex\graphics\key
val.sty"
Package: keyval 2014/10/28 v1.15 key=value parser (DPC)
\KV@toks@=\toks14
)
\lst@mode=\count88
\lst@gtempboxa=\box26
\lst@token=\toks15
\lst@length=\count89
\lst@currlwidth=\dimen103
\lst@column=\count90
\lst@pos=\count91
\lst@lostspace=\dimen104
\lst@width=\dimen105
\lst@newlines=\count92
\lst@lineno=\count93
\lst@maxwidth=\dimen106

("C:\Users\luigimissri\AppData\Local\Programs\MiKTeX 2.9\tex\latex\listings\lst
misc.sty"
File: lstmisc.sty 2018/09/02 1.7 (Carsten Heinz)
\c@lstnumber=\count94
\lst@skipnumbers=\count95
\lst@framebox=\box27
)
("C:\Users\luigimissri\AppData\Local\Programs\MiKTeX 2.9\tex\latex\listings\lis
tings.cfg"
File: listings.cfg 2018/09/02 1.7 listings configuration
))
Package: listings 2018/09/02 1.7 (Carsten Heinz)

("C:\Users\luigimissri\AppData\Local\Programs\MiKTeX 2.9\tex\latex\graphics\col
or.sty"
Package: color 2016/07/10 v1.1e Standard LaTeX Color (DPC)

("C:\Users\luigimissri\AppData\Local\Programs\MiKTeX 2.9\tex\latex\graphics-cfg
\color.cfg"
File: color.cfg 2016/01/02 v1.6 sample color configuration
)
Package color Info: Driver file: pdftex.def on input line 147.

("C:\Users\luigimissri\AppData\Local\Programs\MiKTeX 2.9\tex\latex\graphics-def
\pdftex.def"
File: pdftex.def 2018/01/08 v1.0l Graphics/color driver for pdftex
))
("C:\Users\luigimissri\AppData\Local\Programs\MiKTeX 2.9\tex\latex\graphics\gra
phicx.sty"
Package: graphicx 2017/06/01 v1.1a Enhanced LaTeX Graphics (DPC,SPQR)

("C:\Users\luigimissri\AppData\Local\Programs\MiKTeX 2.9\tex\latex\graphics\gra
phics.sty"
Package: graphics 2017/06/25 v1.2c Standard LaTeX Graphics (DPC,SPQR)

("C:\Users\luigimissri\AppData\Local\Programs\MiKTeX 2.9\tex\latex\graphics\tri
g.sty"
Package: trig 2016/01/03 v1.10 sin cos tan (DPC)
)
("C:\Users\luigimissri\AppData\Local\Programs\MiKTeX 2.9\tex\latex\graphics-cfg
\graphics.cfg"
File: graphics.cfg 2016/06/04 v1.11 sample graphics configuration
)
Package graphics Info: Driver file: pdftex.def on input line 99.
)
\Gin@req@height=\dimen107
\Gin@req@width=\dimen108
) (Non_lasso.aux

LaTeX Warning: Label `err_step' multiply defined.

)
\openout1 = `Non_lasso.aux'.

LaTeX Font Info:    Checking defaults for OML/cmm/m/it on input line 26.
LaTeX Font Info:    ... okay on input line 26.
LaTeX Font Info:    Checking defaults for T1/cmr/m/n on input line 26.
LaTeX Font Info:    ... okay on input line 26.
LaTeX Font Info:    Checking defaults for OT1/cmr/m/n on input line 26.
LaTeX Font Info:    ... okay on input line 26.
LaTeX Font Info:    Checking defaults for OMS/cmsy/m/n on input line 26.
LaTeX Font Info:    ... okay on input line 26.
LaTeX Font Info:    Checking defaults for OMX/cmex/m/n on input line 26.
LaTeX Font Info:    ... okay on input line 26.
LaTeX Font Info:    Checking defaults for U/cmr/m/n on input line 26.
LaTeX Font Info:    ... okay on input line 26.
LaTeX Font Info:    Try loading font information for OT1+lmr on input line 26.

("C:\Users\luigimissri\AppData\Local\Programs\MiKTeX 2.9\tex\latex\lm\ot1lmr.fd
"
File: ot1lmr.fd 2009/10/30 v1.6 Font defs for Latin Modern
)
\c@lstlisting=\count96

("C:\Users\luigimissri\AppData\Local\Programs\MiKTeX 2.9\tex\context\base\supp-
pdf.mkii"
[Loading MPS to PDF converter (version 2006.09.02).]
\scratchcounter=\count97
\scratchdimen=\dimen109
\scratchbox=\box28
\nofMPsegments=\count98
\nofMParguments=\count99
\everyMPshowfont=\toks16
\MPscratchCnt=\count100
\MPscratchDim=\dimen110
\MPnumerator=\count101
\makeMPintoPDFobject=\count102
\everyMPtoPDFconversion=\toks17
)
("C:\Users\luigimissri\AppData\Local\Programs\MiKTeX 2.9\tex\latex\oberdiek\eps
topdf-base.sty"
Package: epstopdf-base 2016/05/15 v2.6 Base part for package epstopdf

("C:\Users\luigimissri\AppData\Local\Programs\MiKTeX 2.9\tex\generic\oberdiek\i
nfwarerr.sty"
Package: infwarerr 2016/05/16 v1.4 Providing info/warning/error messages (HO)
)
("C:\Users\luigimissri\AppData\Local\Programs\MiKTeX 2.9\tex\latex\oberdiek\grf
ext.sty"
Package: grfext 2016/05/16 v1.2 Manage graphics extensions (HO)

("C:\Users\luigimissri\AppData\Local\Programs\MiKTeX 2.9\tex\generic\oberdiek\k
vdefinekeys.sty"
Package: kvdefinekeys 2016/05/16 v1.4 Define keys (HO)

("C:\Users\luigimissri\AppData\Local\Programs\MiKTeX 2.9\tex\generic\oberdiek\l
txcmds.sty"
Package: ltxcmds 2016/05/16 v1.23 LaTeX kernel commands for general use (HO)
)))
("C:\Users\luigimissri\AppData\Local\Programs\MiKTeX 2.9\tex\latex\oberdiek\kvo
ptions.sty"
Package: kvoptions 2016/05/16 v3.12 Key value format for package options (HO)

("C:\Users\luigimissri\AppData\Local\Programs\MiKTeX 2.9\tex\generic\oberdiek\k
vsetkeys.sty"
Package: kvsetkeys 2016/05/16 v1.17 Key value parser (HO)

("C:\Users\luigimissri\AppData\Local\Programs\MiKTeX 2.9\tex\generic\oberdiek\e
texcmds.sty"
Package: etexcmds 2016/05/16 v1.6 Avoid name clashes with e-TeX commands (HO)

("C:\Users\luigimissri\AppData\Local\Programs\MiKTeX 2.9\tex\generic\oberdiek\i
fluatex.sty"
Package: ifluatex 2016/05/16 v1.4 Provides the ifluatex switch (HO)
Package ifluatex Info: LuaTeX not detected.
)
Package etexcmds Info: Could not find \expanded.
(etexcmds)             That can mean that you are not using pdfTeX 1.50 or
(etexcmds)             that some package has redefined \expanded.
(etexcmds)             In the latter case, load this package earlier.
)))
("C:\Users\luigimissri\AppData\Local\Programs\MiKTeX 2.9\tex\generic\oberdiek\p
dftexcmds.sty"
Package: pdftexcmds 2018/09/10 v0.29 Utility functions of pdfTeX for LuaTeX (HO
)

("C:\Users\luigimissri\AppData\Local\Programs\MiKTeX 2.9\tex\generic\oberdiek\i
fpdf.sty"
Package: ifpdf 2018/09/07 v3.3 Provides the ifpdf switch
)
Package pdftexcmds Info: LuaTeX not detected.
Package pdftexcmds Info: \pdf@primitive is available.
Package pdftexcmds Info: \pdf@ifprimitive is available.
Package pdftexcmds Info: \pdfdraftmode found.
)
Package epstopdf-base Info: Redefining graphics rule for `.eps' on input line 4
38.
Package grfext Info: Graphics extension search list:
(grfext)             [.pdf,.png,.jpg,.mps,.jpeg,.jbig2,.jb2,.PDF,.PNG,.JPG,.JPE
G,.JBIG2,.JB2,.eps]
(grfext)             \AppendGraphicsExtensions on input line 456.
)
LaTeX Font Info:    Try loading font information for OML+lmm on input line 27.

("C:\Users\luigimissri\AppData\Local\Programs\MiKTeX 2.9\tex\latex\lm\omllmm.fd
"
File: omllmm.fd 2009/10/30 v1.6 Font defs for Latin Modern
)
LaTeX Font Info:    Try loading font information for OMS+lmsy on input line 27.


("C:\Users\luigimissri\AppData\Local\Programs\MiKTeX 2.9\tex\latex\lm\omslmsy.f
d"
File: omslmsy.fd 2009/10/30 v1.6 Font defs for Latin Modern
)
LaTeX Font Info:    Try loading font information for OMX+lmex on input line 27.


("C:\Users\luigimissri\AppData\Local\Programs\MiKTeX 2.9\tex\latex\lm\omxlmex.f
d"
File: omxlmex.fd 2009/10/30 v1.6 Font defs for Latin Modern
)
LaTeX Font Info:    External font `lmex10' loaded for size
(Font)              <12> on input line 27.
LaTeX Font Info:    External font `lmex10' loaded for size
(Font)              <8> on input line 27.
LaTeX Font Info:    External font `lmex10' loaded for size
(Font)              <6> on input line 27.
 (Non_lasso.toc
LaTeX Font Info:    External font `lmex10' loaded for size
(Font)              <10> on input line 3.
LaTeX Font Info:    External font `lmex10' loaded for size
(Font)              <7> on input line 3.
LaTeX Font Info:    External font `lmex10' loaded for size
(Font)              <5> on input line 3.
)
\tf@toc=\write3
\openout3 = `Non_lasso.toc'.

 [1

{C:/Users/luigimissri/AppData/Local/MiKTeX/2.9/pdftex/config/pdftex.map}]
Underfull \hbox (badness 10000) in paragraph at lines 34--36

 []

[2]
Underfull \hbox (badness 10000) in paragraph at lines 52--54

 []


Underfull \hbox (badness 10000) in paragraph at lines 58--60

 []

<./images/lasso.jpg, id=13, 419.76825pt x 225.84375pt>
File: ./images/lasso.jpg Graphic file (type jpg)
<use ./images/lasso.jpg>
Package pdftex.def Info: ./images/lasso.jpg  used on input line 66.
(pdftex.def)             Requested size: 314.82541pt x 169.38239pt.
[3]
Underfull \hbox (badness 10000) in paragraph at lines 72--74

 []


Overfull \hbox (4.69395pt too wide) in paragraph at lines 75--76
[]\OT1/lmr/m/n/10 Here comes one prob-lem, how to use lasso, a cross-sectional 
re-gres-sion method,
 []

[4 <./images/lasso.jpg>]
Underfull \hbox (badness 10000) in paragraph at lines 81--83

 []

<daily_var.png, id=27, 456.70625pt x 373.395pt>
File: daily_var.png Graphic file (type png)
<use daily_var.png>
Package pdftex.def Info: daily_var.png  used on input line 90.
(pdftex.def)             Requested size: 274.02585pt x 224.03873pt.

LaTeX Warning: `!h' float specifier changed to `!ht'.

[5]
<err_lambda.png, id=32, 231.86626pt x 288.07625pt>
File: err_lambda.png Graphic file (type png)
<use err_lambda.png>
Package pdftex.def Info: err_lambda.png  used on input line 99.
(pdftex.def)             Requested size: 139.12082pt x 172.84708pt.
 [6 <./daily_var.png> <./err_lambda.png>]
<err_step.png, id=38, 168.63pt x 353.32pt>
File: err_step.png Graphic file (type png)
<use err_step.png>
Package pdftex.def Info: err_step.png  used on input line 113.
(pdftex.def)             Requested size: 101.17877pt x 211.99364pt.
<pred_step1.png, id=39, 303.1325pt x 378.41376pt>
File: pred_step1.png Graphic file (type png)
<use pred_step1.png>
Package pdftex.def Info: pred_step1.png  used on input line 121.
(pdftex.def)             Requested size: 181.8809pt x 227.05pt.


LaTeX Warning: `!h' float specifier changed to `!ht'.


Underfull \hbox (badness 10000) in paragraph at lines 131--133

 []

[7 <./err_step.png>] [8 <./pred_step1.png>]
<beta_dataset.png, id=49, 584.1825pt x 292.09125pt>
File: beta_dataset.png Graphic file (type png)
<use beta_dataset.png>
Package pdftex.def Info: beta_dataset.png  used on input line 149.
(pdftex.def)             Requested size: 350.51219pt x 175.25609pt.

Overfull \hbox (5.51219pt too wide) in paragraph at lines 149--150
 [][] 
 []

<turnover.png, id=50, 433.62pt x 289.08pt>
File: turnover.png Graphic file (type png)
<use turnover.png>
Package pdftex.def Info: turnover.png  used on input line 156.
(pdftex.def)             Requested size: 260.17401pt x 173.44933pt.
[9 <./beta_dataset.png>]
Underfull \hbox (badness 10000) in paragraph at lines 165--168

 []

<./images/sp500.png, id=55, 412.54124pt x 301.125pt>
File: ./images/sp500.png Graphic file (type png)
<use ./images/sp500.png>
Package pdftex.def Info: ./images/sp500.png  used on input line 170.
(pdftex.def)             Requested size: 309.40517pt x 225.84319pt.

Underfull \hbox (badness 10000) in paragraph at lines 170--172

 []

[10 <./turnover.png>]
Underfull \hbox (badness 10000) in paragraph at lines 173--175

 []


Underfull \hbox (badness 10000) in paragraph at lines 180--182

 []

[11 <./images/sp500.png>]
Underfull \hbox (badness 10000) in paragraph at lines 185--187

 []

<./images/lassoplot.png, id=64, 331.2375pt x 339.51843pt>
File: ./images/lassoplot.png Graphic file (type png)
<use ./images/lassoplot.png>
Package pdftex.def Info: ./images/lassoplot.png  used on input line 189.
(pdftex.def)             Requested size: 248.4275pt x 254.63818pt.

Underfull \hbox (badness 10000) in paragraph at lines 189--191

 []

[12 <./images/lassoplot.png>]
Underfull \hbox (badness 10000) in paragraph at lines 199--202

 []

<./images/tablasso.jpg, id=69, 204.765pt x 113.82526pt>
File: ./images/tablasso.jpg Graphic file (type jpg)
<use ./images/tablasso.jpg>
Package pdftex.def Info: ./images/tablasso.jpg  used on input line 203.
(pdftex.def)             Requested size: 153.57335pt x 85.36871pt.
<./images/lassoportfolio.png, id=70, 621.07031pt x 338.76563pt>
File: ./images/lassoportfolio.png Graphic file (type png)
<use ./images/lassoportfolio.png>
Package pdftex.def Info: ./images/lassoportfolio.png  used on input line 209.
(pdftex.def)             Requested size: 372.64505pt x 203.26093pt.

Overfull \hbox (42.64505pt too wide) in paragraph at lines 209--211
[][] 
 []


Underfull \hbox (badness 10000) in paragraph at lines 209--211

 []

[13 <./images/tablasso.jpg>] [14 <./images/lassoportfolio.png>]
Underfull \hbox (badness 10000) in paragraph at lines 241--243

 []


Underfull \hbox (badness 10000) in paragraph at lines 244--246

 []


Underfull \hbox (badness 10000) in paragraph at lines 247--249

 []

<./images/elasticportfolio.png, id=79, 621.07031pt x 338.76563pt>
File: ./images/elasticportfolio.png Graphic file (type png)
<use ./images/elasticportfolio.png>
Package pdftex.def Info: ./images/elasticportfolio.png  used on input line 250.

(pdftex.def)             Requested size: 372.64505pt x 203.26093pt.

Overfull \hbox (42.64505pt too wide) in paragraph at lines 250--252
[][] 
 []


Underfull \hbox (badness 10000) in paragraph at lines 250--252

 []

[15 <./images/elasticportfolio.png>]
Underfull \hbox (badness 10000) in paragraph at lines 258--260

 []

<./images/olsportfolio.png, id=84, 621.07031pt x 338.76563pt>
File: ./images/olsportfolio.png Graphic file (type png)
<use ./images/olsportfolio.png>
Package pdftex.def Info: ./images/olsportfolio.png  used on input line 261.
(pdftex.def)             Requested size: 372.64505pt x 203.26093pt.

Overfull \hbox (42.64505pt too wide) in paragraph at lines 261--263
[][] 
 []


Underfull \hbox (badness 10000) in paragraph at lines 261--263

 []

[16 <./images/olsportfolio.png>] (Non_lasso.aux)

LaTeX Warning: There were multiply-defined labels.

 ) 
Here is how much of TeX's memory you used:
 2986 strings out of 492970
 45711 string characters out of 3123929
 106471 words of memory out of 3000000
 6810 multiletter control sequences out of 15000+200000
 40200 words of font info for 38 fonts, out of 3000000 for 9000
 1141 hyphenation exceptions out of 8191
 41i,8n,32p,1040b,224s stack positions out of 5000i,500n,10000p,200000b,50000s
{C:/Users/luigimissri/AppData/Local/Programs/MiKTeX 2.9/fonts/enc/dvips/lm/lm
-mathsy.enc}{C:/Users/luigimissri/AppData/Local/Programs/MiKTeX 2.9/fonts/enc/d
vips/lm/lm-rm.enc}{C:/Users/luigimissri/AppData/Local/Programs/MiKTeX 2.9/fonts
/enc/dvips/lm/lm-mathex.enc}{C:/Users/luigimissri/AppData/Local/Programs/MiKTeX
 2.9/fonts/enc/dvips/lm/lm-mathit.enc}<C:/Users/luigimissri/AppData/Local/Progr
ams/MiKTeX 2.9/fonts/type1/public/lm/lmbx10.pfb><C:/Users/luigimissri/AppData/L
ocal/Programs/MiKTeX 2.9/fonts/type1/public/lm/lmbx12.pfb><C:/Users/luigimissri
/AppData/Local/Programs/MiKTeX 2.9/fonts/type1/public/lm/lmex10.pfb><C:/Users/l
uigimissri/AppData/Local/Programs/MiKTeX 2.9/fonts/type1/public/lm/lmmi10.pfb><
C:/Users/luigimissri/AppData/Local/Programs/MiKTeX 2.9/fonts/type1/public/lm/lm
mi7.pfb><C:/Users/luigimissri/AppData/Local/Programs/MiKTeX 2.9/fonts/type1/pub
lic/lm/lmr10.pfb><C:/Users/luigimissri/AppData/Local/Programs/MiKTeX 2.9/fonts/
type1/public/lm/lmr12.pfb><C:/Users/luigimissri/AppData/Local/Programs/MiKTeX 2
.9/fonts/type1/public/lm/lmr17.pfb><C:/Users/luigimissri/AppData/Local/Programs
/MiKTeX 2.9/fonts/type1/public/lm/lmr5.pfb><C:/Users/luigimissri/AppData/Local/
Programs/MiKTeX 2.9/fonts/type1/public/lm/lmr7.pfb><C:/Users/luigimissri/AppDat
a/Local/Programs/MiKTeX 2.9/fonts/type1/public/lm/lmsy10.pfb><C:/Users/luigimis
sri/AppData/Local/Programs/MiKTeX 2.9/fonts/type1/public/lm/lmsy7.pfb>
Output written on Non_lasso.pdf (16 pages, 559059 bytes).
PDF statistics:
 131 PDF objects out of 1000 (max. 8388607)
 0 named destinations out of 1000 (max. 500000)
 66 words of extra memory for PDF output out of 10000 (max. 10000000)

